c:\users\hoon\desktop\ddd\apps\myapps\emptyexample(tuio)\obj\release\tuioobject.obj
c:\users\hoon\desktop\ddd\apps\myapps\emptyexample(tuio)\obj\release\tuiomanager.obj
c:\users\hoon\desktop\ddd\apps\myapps\emptyexample(tuio)\obj\release\tuiodispatcher.obj
c:\users\hoon\desktop\ddd\apps\myapps\emptyexample(tuio)\obj\release\tuiocursor.obj
c:\users\hoon\desktop\ddd\apps\myapps\emptyexample(tuio)\obj\release\tuiocontainer.obj
c:\users\hoon\desktop\ddd\apps\myapps\emptyexample(tuio)\obj\release\tuioclient.obj
c:\users\hoon\desktop\ddd\apps\myapps\emptyexample(tuio)\obj\release\tuioblob.obj
c:\users\hoon\desktop\ddd\apps\myapps\emptyexample(tuio)\obj\release\tcpsender.obj
c:\users\hoon\desktop\ddd\apps\myapps\emptyexample(tuio)\obj\release\tcpreceiver.obj
c:\users\hoon\desktop\ddd\apps\myapps\emptyexample(tuio)\obj\release\oscsender.obj
c:\users\hoon\desktop\ddd\apps\myapps\emptyexample(tuio)\obj\release\oscreceiver.obj
c:\users\hoon\desktop\ddd\apps\myapps\emptyexample(tuio)\obj\release\flashsender.obj
c:\users\hoon\desktop\ddd\apps\myapps\emptyexample(tuio)\obj\release\osctypes.obj
c:\users\hoon\desktop\ddd\apps\myapps\emptyexample(tuio)\obj\release\oscreceivedelements.obj
c:\users\hoon\desktop\ddd\apps\myapps\emptyexample(tuio)\obj\release\oscprintreceivedelements.obj
c:\users\hoon\desktop\ddd\apps\myapps\emptyexample(tuio)\obj\release\oscoutboundpacketstream.obj
c:\users\hoon\desktop\ddd\apps\myapps\emptyexample(tuio)\obj\release\udpsocket.obj
c:\users\hoon\desktop\ddd\apps\myapps\emptyexample(tuio)\obj\release\networkingutils.obj
c:\users\hoon\desktop\ddd\apps\myapps\emptyexample(tuio)\obj\release\ipendpointname.obj
c:\users\hoon\desktop\ddd\apps\myapps\emptyexample(tuio)\obj\release\ofxtuioclient.obj
c:\users\hoon\desktop\ddd\apps\myapps\emptyexample(tuio)\obj\release\testapp.obj
c:\users\hoon\desktop\ddd\apps\myapps\emptyexample(tuio)\obj\release\main.obj
c:\users\hoon\desktop\ddd\apps\myapps\emptyexample(tuio)\obj\release\udpsender.obj
c:\users\hoon\desktop\ddd\apps\myapps\emptyexample(tuio)\obj\release\udpreceiver.obj
c:\users\hoon\desktop\ddd\apps\myapps\emptyexample(tuio)\obj\release\tuiotime.obj
c:\users\hoon\desktop\ddd\apps\myapps\emptyexample(tuio)\obj\release\tuioserver.obj
c:\users\hoon\desktop\ddd\apps\myapps\emptyexample(tuio)\obj\release\tuiopoint.obj
c:\users\hoon\desktop\ddd\apps\myapps\emptyexample(tuio)\obj\release\vc110.pdb
c:\users\hoon\desktop\ddd\apps\myapps\emptyexample(tuio)\bin\emptyexample.lib
c:\users\hoon\desktop\ddd\apps\myapps\emptyexample(tuio)\bin\emptyexample.exp
c:\users\hoon\desktop\ddd\apps\myapps\emptyexample(tuio)\bin\emptyexample.exe
c:\users\hoon\desktop\ddd\apps\myapps\emptyexample(tuio)\obj\release\icon.res
c:\users\hoon\desktop\ddd\apps\myapps\emptyexample(tuio)\obj\release\emptyexample.vcxprojresolveassemblyreference.cache
c:\users\hoon\desktop\ddd\apps\myapps\emptyexample(tuio)\obj\release\cl.command.1.tlog
c:\users\hoon\desktop\ddd\apps\myapps\emptyexample(tuio)\obj\release\cl.read.1.tlog
c:\users\hoon\desktop\ddd\apps\myapps\emptyexample(tuio)\obj\release\cl.write.1.tlog
c:\users\hoon\desktop\ddd\apps\myapps\emptyexample(tuio)\obj\release\emptyexample.write.1.tlog
c:\users\hoon\desktop\ddd\apps\myapps\emptyexample(tuio)\obj\release\link-cvtres.read.1.tlog
c:\users\hoon\desktop\ddd\apps\myapps\emptyexample(tuio)\obj\release\link-cvtres.write.1.tlog
c:\users\hoon\desktop\ddd\apps\myapps\emptyexample(tuio)\obj\release\link-rc.read.1.tlog
c:\users\hoon\desktop\ddd\apps\myapps\emptyexample(tuio)\obj\release\link-rc.write.1.tlog
c:\users\hoon\desktop\ddd\apps\myapps\emptyexample(tuio)\obj\release\link.command.1.tlog
c:\users\hoon\desktop\ddd\apps\myapps\emptyexample(tuio)\obj\release\link.read.1.tlog
c:\users\hoon\desktop\ddd\apps\myapps\emptyexample(tuio)\obj\release\link.write.1.tlog
c:\users\hoon\desktop\ddd\apps\myapps\emptyexample(tuio)\obj\release\rc.command.1.tlog
c:\users\hoon\desktop\ddd\apps\myapps\emptyexample(tuio)\obj\release\rc.read.1.tlog
c:\users\hoon\desktop\ddd\apps\myapps\emptyexample(tuio)\obj\release\rc.write.1.tlog
