c:\users\hoon\desktop\hci\openframeworks\libs\openframeworkscompiled\project\vs\obj\release\ofshader.obj
c:\users\hoon\desktop\hci\openframeworks\libs\openframeworkscompiled\project\vs\obj\release\ofmaterial.obj
c:\users\hoon\desktop\hci\openframeworks\libs\openframeworkscompiled\project\vs\obj\release\oflight.obj
c:\users\hoon\desktop\hci\openframeworks\libs\openframeworkscompiled\project\vs\obj\release\ofglutils.obj
c:\users\hoon\desktop\hci\openframeworks\libs\openframeworkscompiled\project\vs\obj\release\ofglrenderer.obj
c:\users\hoon\desktop\hci\openframeworks\libs\openframeworkscompiled\project\vs\obj\release\ofglprogrammablerenderer.obj
c:\users\hoon\desktop\hci\openframeworks\libs\openframeworkscompiled\project\vs\obj\release\offbo.obj
c:\users\hoon\desktop\hci\openframeworks\libs\openframeworkscompiled\project\vs\obj\release\ofevents.obj
c:\users\hoon\desktop\hci\openframeworks\libs\openframeworkscompiled\project\vs\obj\release\ofserial.obj
c:\users\hoon\desktop\hci\openframeworks\libs\openframeworkscompiled\project\vs\obj\release\ofarduino.obj
c:\users\hoon\desktop\hci\openframeworks\libs\openframeworkscompiled\project\vs\obj\release\ofapprunner.obj
c:\users\hoon\desktop\hci\openframeworks\libs\openframeworkscompiled\project\vs\obj\release\ofappnowindow.obj
c:\users\hoon\desktop\hci\openframeworks\libs\openframeworkscompiled\project\vs\obj\release\ofappglutwindow.obj
c:\users\hoon\desktop\hci\openframeworks\libs\openframeworkscompiled\project\vs\obj\release\ofappglfwwindow.obj
c:\users\hoon\desktop\hci\openframeworks\libs\openframeworkscompiled\project\vs\obj\release\ofnode.obj
c:\users\hoon\desktop\hci\openframeworks\libs\openframeworkscompiled\project\vs\obj\release\ofmesh.obj
c:\users\hoon\desktop\hci\openframeworks\libs\openframeworkscompiled\project\vs\obj\release\ofeasycam.obj
c:\users\hoon\desktop\hci\openframeworks\libs\openframeworkscompiled\project\vs\obj\release\ofcamera.obj
c:\users\hoon\desktop\hci\openframeworks\libs\openframeworkscompiled\project\vs\obj\release\of3dutils.obj
c:\users\hoon\desktop\hci\openframeworks\libs\openframeworkscompiled\project\vs\obj\release\of3dprimitives.obj
c:\users\hoon\desktop\hci\openframeworks\libs\openframeworkscompiled\project\vs\obj\release\ofvec4f.obj
c:\users\hoon\desktop\hci\openframeworks\libs\openframeworkscompiled\project\vs\obj\release\ofvec2f.obj
c:\users\hoon\desktop\hci\openframeworks\libs\openframeworkscompiled\project\vs\obj\release\ofquaternion.obj
c:\users\hoon\desktop\hci\openframeworks\libs\openframeworkscompiled\project\vs\obj\release\ofmatrix4x4.obj
c:\users\hoon\desktop\hci\openframeworks\libs\openframeworkscompiled\project\vs\obj\release\ofmatrix3x3.obj
c:\users\hoon\desktop\hci\openframeworks\libs\openframeworkscompiled\project\vs\obj\release\ofmath.obj
c:\users\hoon\desktop\hci\openframeworks\libs\openframeworkscompiled\project\vs\obj\release\oftruetypefont.obj
c:\users\hoon\desktop\hci\openframeworks\libs\openframeworkscompiled\project\vs\obj\release\oftessellator.obj
c:\users\hoon\desktop\hci\openframeworks\libs\openframeworkscompiled\project\vs\obj\release\ofrenderercollection.obj
c:\users\hoon\desktop\hci\openframeworks\libs\openframeworkscompiled\project\vs\obj\release\ofpolyline.obj
c:\users\hoon\desktop\hci\openframeworks\libs\openframeworkscompiled\project\vs\obj\release\ofpixels.obj
c:\users\hoon\desktop\hci\openframeworks\libs\openframeworkscompiled\project\vs\obj\release\ofpath.obj
c:\users\hoon\desktop\hci\openframeworks\libs\openframeworkscompiled\project\vs\obj\release\ofimage.obj
c:\users\hoon\desktop\hci\openframeworks\libs\openframeworkscompiled\project\vs\obj\release\ofgraphics.obj
c:\users\hoon\desktop\hci\openframeworks\libs\openframeworkscompiled\project\vs\obj\release\ofcairorenderer.obj
c:\users\hoon\desktop\hci\openframeworks\libs\openframeworkscompiled\project\vs\obj\release\ofbitmapfont.obj
c:\users\hoon\desktop\hci\openframeworks\libs\openframeworkscompiled\project\vs\obj\release\of3dgraphics.obj
c:\users\hoon\desktop\hci\openframeworks\libs\openframeworkscompiled\project\vs\obj\release\ofvbomesh.obj
c:\users\hoon\desktop\hci\openframeworks\libs\openframeworkscompiled\project\vs\obj\release\ofvbo.obj
c:\users\hoon\desktop\hci\openframeworks\libs\openframeworkscompiled\project\vs\obj\release\oftexture.obj
c:\users\hoon\desktop\hci\openframeworks\libs\openframeworkscompiled\project\vs\obj\release\ofquicktimegrabber.obj
c:\users\hoon\desktop\hci\openframeworks\libs\openframeworkscompiled\project\vs\obj\release\ofqtutils.obj
c:\users\hoon\desktop\hci\openframeworks\libs\openframeworkscompiled\project\vs\obj\release\ofdirectshowgrabber.obj
c:\users\hoon\desktop\hci\openframeworks\libs\openframeworkscompiled\project\vs\obj\release\ofxml.obj
c:\users\hoon\desktop\hci\openframeworks\libs\openframeworkscompiled\project\vs\obj\release\ofutils.obj
c:\users\hoon\desktop\hci\openframeworks\libs\openframeworkscompiled\project\vs\obj\release\ofurlfileloader.obj
c:\users\hoon\desktop\hci\openframeworks\libs\openframeworkscompiled\project\vs\obj\release\ofthread.obj
c:\users\hoon\desktop\hci\openframeworks\libs\openframeworkscompiled\project\vs\obj\release\ofsystemutils.obj
c:\users\hoon\desktop\hci\openframeworks\libs\openframeworkscompiled\project\vs\obj\release\ofmatrixstack.obj
c:\users\hoon\desktop\hci\openframeworks\libs\openframeworkscompiled\project\vs\obj\release\oflog.obj
c:\users\hoon\desktop\hci\openframeworks\libs\openframeworkscompiled\project\vs\obj\release\offileutils.obj
c:\users\hoon\desktop\hci\openframeworks\libs\openframeworkscompiled\project\vs\obj\release\ofrectangle.obj
c:\users\hoon\desktop\hci\openframeworks\libs\openframeworkscompiled\project\vs\obj\release\ofparametergroup.obj
c:\users\hoon\desktop\hci\openframeworks\libs\openframeworkscompiled\project\vs\obj\release\ofparameter.obj
c:\users\hoon\desktop\hci\openframeworks\libs\openframeworkscompiled\project\vs\obj\release\vc110.pdb
c:\users\hoon\desktop\ddd\libs\openframeworkscompiled\project\vs\obj\release\ofvbo.obj
c:\users\hoon\desktop\ddd\libs\openframeworkscompiled\project\vs\obj\release\oftexture.obj
c:\users\hoon\desktop\ddd\libs\openframeworkscompiled\project\vs\obj\release\ofshader.obj
c:\users\hoon\desktop\ddd\libs\openframeworkscompiled\project\vs\obj\release\ofglprogrammablerenderer.obj
c:\users\hoon\desktop\ddd\libs\openframeworkscompiled\project\vs\obj\release\ofmaterial.obj
c:\users\hoon\desktop\ddd\libs\openframeworkscompiled\project\vs\obj\release\oflight.obj
c:\users\hoon\desktop\ddd\libs\openframeworkscompiled\project\vs\obj\release\ofglutils.obj
c:\users\hoon\desktop\ddd\libs\openframeworkscompiled\project\vs\obj\release\ofglrenderer.obj
c:\users\hoon\desktop\ddd\libs\openframeworkscompiled\project\vs\obj\release\offbo.obj
c:\users\hoon\desktop\ddd\libs\openframeworkscompiled\project\vs\obj\release\ofevents.obj
c:\users\hoon\desktop\ddd\libs\openframeworkscompiled\project\vs\obj\release\ofapprunner.obj
c:\users\hoon\desktop\ddd\libs\openframeworkscompiled\project\vs\obj\release\ofappnowindow.obj
c:\users\hoon\desktop\ddd\libs\openframeworkscompiled\project\vs\obj\release\ofappglutwindow.obj
c:\users\hoon\desktop\ddd\libs\openframeworkscompiled\project\vs\obj\release\ofappglfwwindow.obj
c:\users\hoon\desktop\ddd\libs\openframeworkscompiled\project\vs\obj\release\ofnode.obj
c:\users\hoon\desktop\ddd\libs\openframeworkscompiled\project\vs\obj\release\ofmesh.obj
c:\users\hoon\desktop\ddd\libs\openframeworkscompiled\project\vs\obj\release\ofeasycam.obj
c:\users\hoon\desktop\ddd\libs\openframeworkscompiled\project\vs\obj\release\ofcamera.obj
c:\users\hoon\desktop\ddd\libs\openframeworkscompiled\project\vs\obj\release\of3dutils.obj
c:\users\hoon\desktop\ddd\libs\openframeworkscompiled\project\vs\obj\release\of3dprimitives.obj
c:\users\hoon\desktop\ddd\libs\openframeworkscompiled\project\vs\obj\release\ofrtaudiosoundstream.obj
c:\users\hoon\desktop\ddd\libs\openframeworkscompiled\project\vs\obj\release\offmodsoundplayer.obj
c:\users\hoon\desktop\ddd\libs\openframeworkscompiled\project\vs\obj\release\ofvec4f.obj
c:\users\hoon\desktop\ddd\libs\openframeworkscompiled\project\vs\obj\release\ofvec2f.obj
c:\users\hoon\desktop\ddd\libs\openframeworkscompiled\project\vs\obj\release\ofquaternion.obj
c:\users\hoon\desktop\ddd\libs\openframeworkscompiled\project\vs\obj\release\ofmatrix4x4.obj
c:\users\hoon\desktop\ddd\libs\openframeworkscompiled\project\vs\obj\release\ofmatrix3x3.obj
c:\users\hoon\desktop\ddd\libs\openframeworkscompiled\project\vs\obj\release\ofmath.obj
c:\users\hoon\desktop\ddd\libs\openframeworkscompiled\project\vs\obj\release\oftruetypefont.obj
c:\users\hoon\desktop\ddd\libs\openframeworkscompiled\project\vs\obj\release\oftessellator.obj
c:\users\hoon\desktop\ddd\libs\openframeworkscompiled\project\vs\obj\release\ofrenderercollection.obj
c:\users\hoon\desktop\ddd\libs\openframeworkscompiled\project\vs\obj\release\ofpolyline.obj
c:\users\hoon\desktop\ddd\libs\openframeworkscompiled\project\vs\obj\release\ofpixels.obj
c:\users\hoon\desktop\ddd\libs\openframeworkscompiled\project\vs\obj\release\ofpath.obj
c:\users\hoon\desktop\ddd\libs\openframeworkscompiled\project\vs\obj\release\ofimage.obj
c:\users\hoon\desktop\ddd\libs\openframeworkscompiled\project\vs\obj\release\ofgraphics.obj
c:\users\hoon\desktop\ddd\libs\openframeworkscompiled\project\vs\obj\release\ofcairorenderer.obj
c:\users\hoon\desktop\ddd\libs\openframeworkscompiled\project\vs\obj\release\ofbitmapfont.obj
c:\users\hoon\desktop\ddd\libs\openframeworkscompiled\project\vs\obj\release\of3dgraphics.obj
c:\users\hoon\desktop\ddd\libs\openframeworkscompiled\project\vs\obj\release\ofvbomesh.obj
c:\users\hoon\desktop\ddd\libs\openframeworkscompiled\project\vs\obj\release\ofvideograbber.obj
c:\users\hoon\desktop\ddd\libs\openframeworkscompiled\project\vs\obj\release\ofquicktimeplayer.obj
c:\users\hoon\desktop\ddd\libs\openframeworkscompiled\project\vs\obj\release\ofquicktimegrabber.obj
c:\users\hoon\desktop\ddd\libs\openframeworkscompiled\project\vs\obj\release\ofqtutils.obj
c:\users\hoon\desktop\ddd\libs\openframeworkscompiled\project\vs\obj\release\ofdirectshowgrabber.obj
c:\users\hoon\desktop\ddd\libs\openframeworkscompiled\project\vs\obj\release\ofxml.obj
c:\users\hoon\desktop\ddd\libs\openframeworkscompiled\project\vs\obj\release\ofutils.obj
c:\users\hoon\desktop\ddd\libs\openframeworkscompiled\project\vs\obj\release\ofurlfileloader.obj
c:\users\hoon\desktop\ddd\libs\openframeworkscompiled\project\vs\obj\release\ofthread.obj
c:\users\hoon\desktop\ddd\libs\openframeworkscompiled\project\vs\obj\release\ofsystemutils.obj
c:\users\hoon\desktop\ddd\libs\openframeworkscompiled\project\vs\obj\release\ofmatrixstack.obj
c:\users\hoon\desktop\ddd\libs\openframeworkscompiled\project\vs\obj\release\oflog.obj
c:\users\hoon\desktop\ddd\libs\openframeworkscompiled\project\vs\obj\release\offileutils.obj
c:\users\hoon\desktop\ddd\libs\openframeworkscompiled\project\vs\obj\release\ofrectangle.obj
c:\users\hoon\desktop\ddd\libs\openframeworkscompiled\project\vs\obj\release\ofparametergroup.obj
c:\users\hoon\desktop\ddd\libs\openframeworkscompiled\project\vs\obj\release\ofparameter.obj
c:\users\hoon\desktop\ddd\libs\openframeworkscompiled\project\vs\obj\release\ofcolor.obj
c:\users\hoon\desktop\ddd\libs\openframeworkscompiled\project\vs\obj\release\ofbasetypes.obj
c:\users\hoon\desktop\ddd\libs\openframeworkscompiled\project\vs\obj\release\ofsoundstream.obj
c:\users\hoon\desktop\ddd\libs\openframeworkscompiled\project\vs\obj\release\ofsoundplayer.obj
c:\users\hoon\desktop\ddd\libs\openframeworkscompiled\project\vs\obj\release\ofserial.obj
c:\users\hoon\desktop\ddd\libs\openframeworkscompiled\project\vs\obj\release\ofarduino.obj
c:\users\hoon\desktop\ddd\libs\openframeworkscompiled\project\vs\obj\release\ofvideoplayer.obj
c:\users\hoon\desktop\ddd\libs\openframeworkscompiled\project\vs\obj\release\vc110.pdb
c:\users\hoon\desktop\ddd\libs\openframeworkscompiled\lib\vs\openframeworkslib.lib
c:\users\hoon\desktop\ddd\libs\openframeworkscompiled\project\vs\obj\release\cl.command.1.tlog
c:\users\hoon\desktop\ddd\libs\openframeworkscompiled\project\vs\obj\release\cl.read.1.tlog
c:\users\hoon\desktop\ddd\libs\openframeworkscompiled\project\vs\obj\release\cl.write.1.tlog
c:\users\hoon\desktop\ddd\libs\openframeworkscompiled\project\vs\obj\release\lib-link.read.1.tlog
c:\users\hoon\desktop\ddd\libs\openframeworkscompiled\project\vs\obj\release\lib-link.write.1.tlog
c:\users\hoon\desktop\ddd\libs\openframeworkscompiled\project\vs\obj\release\lib.command.1.tlog
c:\users\hoon\desktop\ddd\libs\openframeworkscompiled\project\vs\..\..\lib\vs\openframeworkslib.lib
