  test.cpp
c1xx : warning C4117: 매크로 이름 '__cplusplus'은(는) 예약되었습니다. '#define'이(가) 무시됩니다.
C:\Users\HooN\Desktop\ddd\apps\myApps\Touch_and_Draw\Visual Micro\.Touch_and_Draw.vsarduino.h(13): warning C4005: '__AVR_ATmega328p__' : 매크로 재정의
          명령줄 인수 :  '__AVR_ATmega328p__'의 이전 정의를 참조하십시오.
C:\Users\HooN\Desktop\ddd\apps\myApps\Touch_and_Draw\Visual Micro\.Touch_and_Draw.vsarduino.h(14): warning C4005: '__AVR_ATmega328P__' : 매크로 재정의
          명령줄 인수 :  '__AVR_ATmega328P__'의 이전 정의를 참조하십시오.
C:\Users\HooN\Desktop\ddd\apps\myApps\Touch_and_Draw\Visual Micro\.Touch_and_Draw.vsarduino.h(16): warning C4005: 'ARDUINO_MAIN' : 매크로 재정의
          명령줄 인수 :  'ARDUINO_MAIN'의 이전 정의를 참조하십시오.
C:\Users\HooN\Desktop\ddd\apps\myApps\Touch_and_Draw\Visual Micro\.Touch_and_Draw.vsarduino.h(17): warning C4005: '__AVR__' : 매크로 재정의
          명령줄 인수 :  '__AVR__'의 이전 정의를 참조하십시오.
C:\Users\HooN\Desktop\ddd\apps\myApps\Touch_and_Draw\Visual Micro\.Touch_and_Draw.vsarduino.h(18): warning C4005: '__avr__' : 매크로 재정의
          명령줄 인수 :  '__avr__'의 이전 정의를 참조하십시오.
C:\Users\HooN\Desktop\ddd\apps\myApps\Touch_and_Draw\Visual Micro\.Touch_and_Draw.vsarduino.h(20): warning C4117: 매크로 이름 '__cplusplus'은(는) 예약되었습니다. '#define'이(가) 무시됩니다.
C:\Users\HooN\Desktop\ddd\apps\myApps\Touch_and_Draw\Visual Micro\.Touch_and_Draw.vsarduino.h(21): warning C4005: 'ARDUINO_ARCH_AVR' : 매크로 재정의
          명령줄 인수 :  'ARDUINO_ARCH_AVR'의 이전 정의를 참조하십시오.
C:\Users\HooN\Desktop\ddd\apps\myApps\Touch_and_Draw\Visual Micro\.Touch_and_Draw.vsarduino.h(22): warning C4005: 'ARDUINO_AVR_UNO' : 매크로 재정의
          명령줄 인수 :  'ARDUINO_AVR_UNO'의 이전 정의를 참조하십시오.
C:\Program Files (x86)\Arduino\hardware\tools\avr\lib\gcc\avr\4.8.1\include\stddef.h(212): error C2371: 'size_t' : 재정의. 기본 형식이 다릅니다.
          predefined C++ types (compiler internal)(19) : 'size_t' 선언을 참조하십시오.
C:\Program Files (x86)\Arduino\hardware\tools\avr\avr\include\math.h(364): warning C4002: '__asm__' 매크로의 실제 매개 변수가 너무 많습니다.
C:\Program Files (x86)\Arduino\hardware\tools\avr\avr\include\avr/pgmspace.h(1187): error C2446: ':' : 'size_t'에서 'const char *'(으)로 변환되지 않았습니다.
          정수 계열 형식에서 포인터 형식으로 변환하려면 reinterpret_cast, C 스타일 캐스트 또는 함수 스타일 캐스트가 필요합니다.
C:\Program Files (x86)\Arduino\hardware\arduino\avr\cores\arduino\arduino.h(118): error C2371: 'byte' : 재정의. 기본 형식이 다릅니다.
          C:\Users\HooN\Desktop\ddd\apps\myApps\Touch_and_Draw\Visual Micro\.Touch_and_Draw.vsarduino.h(66) : 'byte' 선언을 참조하십시오.
c:\program files (x86)\arduino\hardware\arduino\avr\cores\arduino\HardwareSerial.h(122): error C2535: 'size_t HardwareSerial::write(uint8_t)' : 멤버 함수를 이미 정의했거나 선언했습니다.
          c:\program files (x86)\arduino\hardware\arduino\avr\cores\arduino\HardwareSerial.h(119) : 'HardwareSerial::write' 선언을 참조하십시오.
C:\Program Files (x86)\Arduino\hardware\tools\avr\avr\include\avr/eeprom.h(684): error C4980: '__value' : 이 키워드를 사용하려면 /clr:oldSyntax 명령줄 옵션을 지정해야 합니다.
C:\Program Files (x86)\Arduino\hardware\tools\avr\avr\include\avr/eeprom.h(684): error C2059: 구문 오류 : '__value'
C:\Program Files (x86)\Arduino\hardware\tools\avr\avr\include\avr/eeprom.h(689): error C2059: 구문 오류 : '__value'
C:\Program Files (x86)\Arduino\hardware\tools\avr\avr\include\avr/eeprom.h(694): error C2059: 구문 오류 : '__value'
C:\Program Files (x86)\Arduino\hardware\tools\avr\avr\include\avr/eeprom.h(699): error C2059: 구문 오류 : '__value'
C:\Program Files (x86)\Arduino\hardware\tools\avr\avr\include\avr/eeprom.h(711): error C2059: 구문 오류 : '__value'
C:\Program Files (x86)\Arduino\hardware\tools\avr\avr\include\avr/eeprom.h(716): error C2059: 구문 오류 : '__value'
C:\Program Files (x86)\Arduino\hardware\tools\avr\avr\include\avr/eeprom.h(721): error C2059: 구문 오류 : '__value'
C:\Program Files (x86)\Arduino\hardware\tools\avr\avr\include\avr/eeprom.h(726): error C2059: 구문 오류 : '__value'
C:\Program Files (x86)\Arduino\hardware\tools\avr\avr\include\util/delay_basic.h(88): error C2065: '__asm__' : 선언되지 않은 식별자입니다.
C:\Program Files (x86)\Arduino\hardware\tools\avr\avr\include\util/delay_basic.h(110): error C2065: '__asm__' : 선언되지 않은 식별자입니다.
C:\Program Files (x86)\Arduino\hardware\tools\avr\avr\include\util/delay.h(95): fatal error C1021: 'warning' 전처리기 명령이 잘못되었습니다.
